runcpu v6247 started at 2020-10-19 12:29:15 on "hp-arm64-09-02"
runcpu is: /home/cuda/abelardoj/CPU2017/bin/harness/runcpu
runcpu: runcpu --config=default --action=build 505.mcf_r
toolset: linux-aarch64
suite: CPU2017 1.1.0

Locating benchmarks...found 47 benchmarks in 53 benchsets.
Reading config file '/home/cuda/abelardoj/CPU2017/config/default.cfg'

1 configuration selected:

Action   Benchmarks
------   ----------------------------------------------------------------------
build    505.mcf_r                                                             
-------------------------------------------------------------------------------

Setting up environment for running 505.mcf_r...
Starting runcpu for 505.mcf_r...
Running "specperl /home/cuda/abelardoj/CPU2017/bin/sysinfo" to gather system information.
sysinfo: r6365 of 2019-08-21 (295195f888a3d7edb1e6e46a485a0011)
sysinfo: Getting system information for Linux...
sysinfo: ...getting CPU info
sysinfo: ...getting info from numactl
sysinfo: ...getting memory info
sysinfo: ...getting OS info
sysinfo: ...getting CPU vulnerability status from the kernel
sysinfo: ...getting disk info
sysinfo: ...trying to get info from /sys/devices/virtual/dmi/id
sysinfo: ...trying to get info from dmidecode
Retrieving flags file (/home/cuda/abelardoj/CPU2017/config/flags/gcc.xml)...
Verbosity = 5
Action    = build
Tune      = base
Label     = mytest-64
Size      = refrate
benchmarks= 505.mcf_r
outputs   = txt,html,cfg,pdf,csv
username  = cuda
Environment settings:
LD_LIBRARY_PATH = "%{gcc_dir}/lib64/:%{gcc_dir}/lib/:/lib64"

Benchmarks selected: 505.mcf_r
When checking executables (/home/cuda/abelardoj/CPU2017/benchspec/CPU/505.mcf_r/exe/mcf_r_base.mytest-64), no checksums were
  found in the config file.  They will be installed after build.
When checking executables (/home/cuda/abelardoj/CPU2017/benchspec/CPU/505.mcf_r/exe/mcf_r_base.mytest-64), no checksums were
  found in the config file.  They will be installed after build.
Compiling Binaries
------------------------------------------------------------------------
When checking options for /home/cuda/abelardoj/CPU2017/benchspec/CPU/505.mcf_r/exe/mcf_r_base.mytest-64, no checksums were
  found in the config file.  They will be installed after build.
When checking executables (/home/cuda/abelardoj/CPU2017/benchspec/CPU/505.mcf_r/exe/mcf_r_base.mytest-64), no checksums were
  found in the config file.  They will be installed after build.
  Building 505.mcf_r base mytest-64: (build_base_mytest-64.0000) [2020-10-19 12:29:18]
  Compile for '505.mcf_r' started at: 2020-10-19 12:29:18 (1603135758)
Issuing make.clean command 'specmake --output-sync --jobs=8 clean'
Start make.clean command: 2020-10-19 12:29:18 (1603135758.98117)
rm -rf *.o  inp.out mcf.out
find . \( -name \*.o -o -name '*.fppized.f*' -o -name '*.i' -o -name '*.mod' \) -print | xargs rm -rf
rm -rf mcf_r
rm -rf mcf_r.exe
rm -rf core
Stop make.clean command: 2020-10-19 12:29:19 (1603135759.15172)
Elapsed time for make.clean command: 00:00:00 (0.170547008514404)
Issuing make command 'specmake --output-sync --jobs=8 build'
Start make command: 2020-10-19 12:29:19 (1603135759.15353)
/usr/bin/gcc     -std=c99   -mabi=lp64 -c -o pbla.o -DSPEC -DNDEBUG  -Ispec_qsort -DSPEC_AUTO_SUPPRESS_OPENMP -g -O3            -fno-strict-aliasing -fgnu89-inline   -DSPEC_LP64  pbla.c
/usr/bin/gcc     -std=c99   -mabi=lp64 -c -o pstart.o -DSPEC -DNDEBUG  -Ispec_qsort -DSPEC_AUTO_SUPPRESS_OPENMP -g -O3            -fno-strict-aliasing -fgnu89-inline   -DSPEC_LP64  pstart.c
/usr/bin/gcc     -std=c99   -mabi=lp64 -c -o output.o -DSPEC -DNDEBUG  -Ispec_qsort -DSPEC_AUTO_SUPPRESS_OPENMP -g -O3            -fno-strict-aliasing -fgnu89-inline   -DSPEC_LP64  output.c
/usr/bin/gcc     -std=c99   -mabi=lp64 -c -o treeup.o -DSPEC -DNDEBUG  -Ispec_qsort -DSPEC_AUTO_SUPPRESS_OPENMP -g -O3            -fno-strict-aliasing -fgnu89-inline   -DSPEC_LP64  treeup.c
/usr/bin/gcc     -std=c99   -mabi=lp64 -c -o mcf.o -DSPEC -DNDEBUG  -Ispec_qsort -DSPEC_AUTO_SUPPRESS_OPENMP -g -O3            -fno-strict-aliasing -fgnu89-inline   -DSPEC_LP64  mcf.c
/usr/bin/gcc     -std=c99   -mabi=lp64 -c -o pflowup.o -DSPEC -DNDEBUG  -Ispec_qsort -DSPEC_AUTO_SUPPRESS_OPENMP -g -O3            -fno-strict-aliasing -fgnu89-inline   -DSPEC_LP64  pflowup.c
/usr/bin/gcc     -std=c99   -mabi=lp64 -c -o readmin.o -DSPEC -DNDEBUG  -Ispec_qsort -DSPEC_AUTO_SUPPRESS_OPENMP -g -O3            -fno-strict-aliasing -fgnu89-inline   -DSPEC_LP64  readmin.c
readmin.c: In function 'read_min':
readmin.c:44:5: warning: ignoring return value of 'fgets', declared with attribute warn_unused_result [-Wunused-result]
     fgets( instring, 200, in );
     ^~~~~~~~~~~~~~~~~~~~~~~~~~
readmin.c:129:9: warning: ignoring return value of 'fgets', declared with attribute warn_unused_result [-Wunused-result]
         fgets( instring, 200, in );
         ^~~~~~~~~~~~~~~~~~~~~~~~~~
readmin.c:183:9: warning: ignoring return value of 'fgets', declared with attribute warn_unused_result [-Wunused-result]
         fgets( instring, 200, in );
         ^~~~~~~~~~~~~~~~~~~~~~~~~~
/usr/bin/gcc     -std=c99   -mabi=lp64 -c -o mcfutil.o -DSPEC -DNDEBUG  -Ispec_qsort -DSPEC_AUTO_SUPPRESS_OPENMP -g -O3            -fno-strict-aliasing -fgnu89-inline   -DSPEC_LP64  mcfutil.c
/usr/bin/gcc     -std=c99   -mabi=lp64 -c -o pbeampp.o -DSPEC -DNDEBUG  -Ispec_qsort -DSPEC_AUTO_SUPPRESS_OPENMP -g -O3            -fno-strict-aliasing -fgnu89-inline   -DSPEC_LP64  pbeampp.c
/usr/bin/gcc     -std=c99   -mabi=lp64 -c -o psimplex.o -DSPEC -DNDEBUG  -Ispec_qsort -DSPEC_AUTO_SUPPRESS_OPENMP -g -O3            -fno-strict-aliasing -fgnu89-inline   -DSPEC_LP64  psimplex.c
/usr/bin/gcc     -std=c99   -mabi=lp64 -c -o implicit.o -DSPEC -DNDEBUG  -Ispec_qsort -DSPEC_AUTO_SUPPRESS_OPENMP -g -O3            -fno-strict-aliasing -fgnu89-inline   -DSPEC_LP64  implicit.c
/usr/bin/gcc     -std=c99   -mabi=lp64 -c -o spec_qsort/spec_qsort.o -DSPEC -DNDEBUG  -Ispec_qsort -DSPEC_AUTO_SUPPRESS_OPENMP -g -O3            -fno-strict-aliasing -fgnu89-inline   -DSPEC_LP64  spec_qsort/spec_qsort.c
/usr/bin/gcc     -std=c99   -mabi=lp64      -g -O3         -fno-strict-aliasing -fgnu89-inline mcf.o mcfutil.o readmin.o implicit.o pstart.o output.o treeup.o pbla.o pflowup.o psimplex.o pbeampp.o spec_qsort/spec_qsort.o             -lm         -o mcf_r  
Stop make command: 2020-10-19 12:29:20 (1603135760.48141)
Elapsed time for make command: 00:00:01 (1.32787799835205)
Issuing options command 'specmake --output-sync --jobs=8 options'
Start options command: 2020-10-19 12:29:20 (1603135760.48334)
COMP: "/usr/bin/gcc     -std=c99   -mabi=lp64 -c -o options.o -DSPEC -DNDEBUG  -Ispec_qsort -DSPEC_AUTO_SUPPRESS_OPENMP -g -O3            -fno-strict-aliasing -fgnu89-inline   -DSPEC_LP64  <source>"
C: CC="/usr/bin/gcc     -std=c99   -mabi=lp64"
C: COBJOPT="-c -o options"
P: CPUFLAGS="-DSPEC -DNDEBUG"
P: BENCH_FLAGS=""
P: BENCH_CFLAGS="-Ispec_qsort -DSPEC_AUTO_SUPPRESS_OPENMP"
O: OPTIMIZE="-g -O3"
O: COPTIMIZE=""
P: PORTABILITY=""
P: CPORTABILITY=""
O: EXTRA_CFLAGS=""
O: EXTRA_OPTIMIZE=""
O: EXTRA_COPTIMIZE="-fno-strict-aliasing -fgnu89-inline"
P: EXTRA_PORTABILITY="-DSPEC_LP64"
P: EXTRA_CPORTABILITY=""
LINK: "/usr/bin/gcc     -std=c99   -mabi=lp64      -g -O3         -fno-strict-aliasing -fgnu89-inline <objects>   -lm         -o options  "
C: LD="/usr/bin/gcc     -std=c99   -mabi=lp64"
O: OPTIMIZE="-g -O3"
O: EXTRA_COPTIMIZE="-fno-strict-aliasing -fgnu89-inline"
C: MATH_LIBS="-lm"
C: LDOUT="-o options"
Stop options command: 2020-10-19 12:29:20 (1603135760.64806)
Elapsed time for options command: 00:00:00 (0.164718866348267)
Issuing compiler-version command 'specmake --output-sync --jobs=8 compiler-version'
Start compiler-version command: 2020-10-19 12:29:20 (1603135760.65036)
 CC_VERSION_OPTION:
Using built-in specs.
COLLECT_GCC=/usr/bin/gcc
COLLECT_LTO_WRAPPER=/usr/lib/gcc/aarch64-linux-gnu/8/lto-wrapper
Target: aarch64-linux-gnu
Configured with: ../src/configure -v --with-pkgversion='Ubuntu/Linaro 8.4.0-1ubuntu1~18.04' --with-bugurl=file:///usr/share/doc/gcc-8/README.Bugs --enable-languages=c,ada,c++,go,d,fortran,objc,obj-c++ --prefix=/usr --with-gcc-major-version-only --program-suffix=-8 --program-prefix=aarch64-linux-gnu- --enable-shared --enable-linker-build-id --libexecdir=/usr/lib --without-included-gettext --enable-threads=posix --libdir=/usr/lib --enable-nls --enable-clocale=gnu --enable-libstdcxx-debug --enable-libstdcxx-time=yes --with-default-libstdcxx-abi=new --enable-gnu-unique-object --disable-libquadmath --disable-libquadmath-support --enable-plugin --enable-default-pie --with-system-zlib --disable-libphobos --enable-multiarch --enable-fix-cortex-a53-843419 --disable-werror --enable-checking=release --build=aarch64-linux-gnu --host=aarch64-linux-gnu --target=aarch64-linux-gnu
Thread model: posix
gcc version 8.4.0 (Ubuntu/Linaro 8.4.0-1ubuntu1~18.04) 
Stop compiler-version command: 2020-10-19 12:29:20 (1603135760.81685)
Elapsed time for compiler-version command: 00:00:00 (0.166497945785522)
  Compile for '505.mcf_r' ended at: 2020-10-19 12:29:20 (1603135760)
  Elapsed compile for '505.mcf_r': 00:00:02 (2)
Wrote to makefile '/home/cuda/abelardoj/CPU2017/tmp/CPU2017.001.0/options.505.mcf_r.base/Makefile.deps':
# End dependencies
# These are the build dependencies
Wrote to makefile '/home/cuda/abelardoj/CPU2017/tmp/CPU2017.001.0/options.505.mcf_r.base/Makefile.spec':
TUNE=base
LABEL=mytest-64
NUMBER=505
NAME=mcf_r
SOURCES= mcf.c mcfutil.c readmin.c implicit.c pstart.c output.c treeup.c \
	 pbla.c pflowup.c psimplex.c pbeampp.c spec_qsort/spec_qsort.c
EXEBASE=mcf_r
NEED_MATH=yes
BENCHLANG=C
BENCH_CFLAGS     = -Ispec_qsort -DSPEC_AUTO_SUPPRESS_OPENMP
CC               = $(SPECLANG)gcc     -std=c99   -mabi=lp64
CC_VERSION_OPTION = -v
CXX              = $(SPECLANG)g++     -std=c++03 -mabi=lp64
CXX_VERSION_OPTION = -v
EXTRA_COPTIMIZE  = -fno-strict-aliasing -fgnu89-inline
EXTRA_PORTABILITY = -DSPEC_LP64
FC               = $(SPECLANG)gfortran           -mabi=lp64
FC_VERSION_OPTION = -v
OPTIMIZE         = -g -O3
OS               = unix
SPECLANG         = /usr/bin/
absolutely_no_locking = 0
abstol           = 
action           = build
allow_label_override = 0
backup_config    = 1
baseexe          = mcf_r
basepeak         = 1
benchdir         = benchspec
benchmark        = 505.mcf_r
binary           = 
bindir           = exe
builddir         = build
bundleaction     = 
bundlename       = 
calctol          = 1
changedhash      = 0
check_version    = 0
clean_between_builds = no
command_add_redirect = 1
commanderrfile   = speccmds.err
commandexe       = mcf_r_base.mytest-64
commandfile      = speccmds.cmd
commandoutfile   = speccmds.out
commandstdoutfile = speccmds.stdout
comparedir       = compare
compareerrfile   = compare.err
comparefile      = compare.cmd
compareoutfile   = compare.out
comparestdoutfile = compare.stdout
compile_error    = 0
compwhite        = 
configdir        = config
configfile       = default
configpath       = /home/cuda/abelardoj/CPU2017/config/default.cfg
copies           = 1
current_range    = 
datadir          = data
default_size     = ref
default_submit   = $command
delay            = 0
deletebinaries   = 0
deletework       = 0
dependent_workloads = 0
device           = 
difflines        = 10
dirprot          = 511
discard_power_samples = 0
enable_monitor   = 1
endian           = 12345678
env_vars         = 0
expand_notes     = 0
expid            = 
exthash_bits     = 256
failflags        = 0
fake             = 0
feedback         = 1
flag_url_base    = https://www.spec.org/auto/cpu2017/Docs/benchmarks/flags/
floatcompare     = 
force_monitor    = 0
from_runcpu      = 2
fw_bios          = 
hostname         = hp-arm64-09-02
http_proxy       = 
http_timeout     = 30
hw_avail         = 
hw_cpu_max_mhz   = 
hw_cpu_name      = could not determine
hw_cpu_nominal_mhz = 
hw_disk          = 876 GB  add more disk info here
hw_memory001     = 251.302 GB fixme: If using DDR4, the format is:
hw_memory002     = 'N GB (N x N GB nRxn PC4-nnnnX-X)'
hw_model         = 
hw_nchips        = could not determine
hw_ncores        = 
hw_ncpuorder     = 
hw_nthreadspercore = 
hw_ocache        = 
hw_other         = 
hw_pcache        = 
hw_scache        = 
hw_tcache        = 
hw_vendor        = My Corporation
idle_current_range = 
idledelay        = 10
idleduration     = 60
ignore_errors    = 1
ignore_sigint    = 0
ignorecase       = 
info_wrap_columns = 50
inputdir         = input
inputgenerrfile  = inputgen.err
inputgenfile     = inputgen.cmd
inputgenoutfile  = inputgen.out
inputgenstdoutfile = inputgen.stdout
iteration        = -1
iterations       = 1
keeptmp          = 0
label            = mytest-64
license_num      = nnn (Your SPEC license number)
line_width       = 1020
link_input_files = 1
locking          = 1
log              = CPU2017
log_line_width   = 1020
log_timestamp    = 0
logfile          = /home/cuda/abelardoj/CPU2017/tmp/CPU2017.001/templogs/preenv.intrate.001.0
logname          = /home/cuda/abelardoj/CPU2017/tmp/CPU2017.001/templogs/preenv.intrate.001.0
lognum           = 001.0
mail_reports     = all
mailcompress     = 0
mailmethod       = smtp
mailport         = 25
mailserver       = 127.0.0.1
mailto           = 
make             = specmake
make_no_clobber  = 0
makefile_template = Makefile.YYYtArGeTYYYspec
makeflags        = --jobs=8
max_average_uncertainty = 1
max_hum_limit    = 0
max_report_runs  = 3
max_unknown_uncertainty = 1
mean_anyway      = 1
meter_connect_timeout = 30
meter_errors_default = 5
meter_errors_percentage = 5
min_report_runs  = 2
min_temp_limit   = 20
minimize_builddirs = 0
minimize_rundirs = 0
name             = mcf_r
nansupport       = 
need_math        = yes
no_input_handler = close
no_monitor       = 
noratios         = 0
note_preenv      = 1
notes_plat_sysinfo_000 = 
notes_plat_sysinfo_005 =  Sysinfo program /home/cuda/abelardoj/CPU2017/bin/sysinfo
notes_plat_sysinfo_010 =  Rev: r6365 of 2019-08-21 295195f888a3d7edb1e6e46a485a0011
notes_plat_sysinfo_015 =  running on hp-arm64-09-02 Mon Oct 19 12:29:18 2020
notes_plat_sysinfo_020 = 
notes_plat_sysinfo_025 =  SUT (System Under Test) info as seen by some common utilities.
notes_plat_sysinfo_030 =  For more information on this section, see
notes_plat_sysinfo_035 =     https://www.spec.org/cpu2017/Docs/config.html\#sysinfo
notes_plat_sysinfo_040 = 
notes_plat_sysinfo_045 =  From /proc/cpuinfo
notes_plat_sysinfo_050 =  *
notes_plat_sysinfo_055 =  * Did not identify cpu model.  If you would
notes_plat_sysinfo_060 =  * like to write your own sysinfo program, see
notes_plat_sysinfo_065 =  * www.spec.org/cpu2017/config.html\#sysinfo
notes_plat_sysinfo_070 =  *
notes_plat_sysinfo_075 =  *
notes_plat_sysinfo_080 =  * 0 "physical id" tags found.  Perhaps this is an older system,
notes_plat_sysinfo_085 =  * or a virtualized system.  Not attempting to guess how to
notes_plat_sysinfo_090 =  * count chips/cores for this system.
notes_plat_sysinfo_095 =  *
notes_plat_sysinfo_100 =        224 "processors"
notes_plat_sysinfo_105 =     cores, siblings (Caution: counting these is hw and system dependent. The following
notes_plat_sysinfo_110 =     excerpts from /proc/cpuinfo might not be reliable.  Use with caution.)
notes_plat_sysinfo_115 = 
notes_plat_sysinfo_120 =  From lscpu:
notes_plat_sysinfo_125 =       Architecture:        aarch64
notes_plat_sysinfo_130 =       Byte Order:          Little Endian
notes_plat_sysinfo_135 =       CPU(s):              224
notes_plat_sysinfo_140 =       On-line CPU(s) list: 0-223
notes_plat_sysinfo_145 =       Thread(s) per core:  4
notes_plat_sysinfo_150 =       Core(s) per socket:  28
notes_plat_sysinfo_155 =       Socket(s):           2
notes_plat_sysinfo_160 =       NUMA node(s):        2
notes_plat_sysinfo_165 =       Vendor ID:           Cavium
notes_plat_sysinfo_170 =       Model:               1
notes_plat_sysinfo_175 =       Model name:          ThunderX2 99xx
notes_plat_sysinfo_180 =       Stepping:            0x1
notes_plat_sysinfo_185 =       BogoMIPS:            400.00
notes_plat_sysinfo_190 =       L1d cache:           32K
notes_plat_sysinfo_195 =       L1i cache:           32K
notes_plat_sysinfo_200 =       L2 cache:            256K
notes_plat_sysinfo_205 =       L3 cache:            32768K
notes_plat_sysinfo_210 =       NUMA node0 CPU(s):   0-111
notes_plat_sysinfo_215 =       NUMA node1 CPU(s):   112-223
notes_plat_sysinfo_220 =       Flags:               fp asimd evtstrm aes pmull sha1 sha2 crc32 atomics cpuid
notes_plat_sysinfo_225 =       asimdrdm
notes_plat_sysinfo_230 = 
notes_plat_sysinfo_235 =  From numactl --hardware  WARNING: a numactl 'node' might or might not correspond to a
notes_plat_sysinfo_240 =  physical chip.
notes_plat_sysinfo_245 =    available: 2 nodes (0-1)
notes_plat_sysinfo_250 =    node 0 cpus: 0 1 2 3 4 5 6 7 8 9 10 11 12 13 14 15 16 17 18 19 20 21 22 23 24 25 26 27
notes_plat_sysinfo_255 =    28 29 30 31 32 33 34 35 36 37 38 39 40 41 42 43 44 45 46 47 48 49 50 51 52 53 54 55 56
notes_plat_sysinfo_260 =    57 58 59 60 61 62 63 64 65 66 67 68 69 70 71 72 73 74 75 76 77 78 79 80 81 82 83 84 85
notes_plat_sysinfo_265 =    86 87 88 89 90 91 92 93 94 95 96 97 98 99 100 101 102 103 104 105 106 107 108 109 110
notes_plat_sysinfo_270 =    111
notes_plat_sysinfo_275 =    node 0 size: 128835 MB
notes_plat_sysinfo_280 =    node 0 free: 114164 MB
notes_plat_sysinfo_285 =    node 1 cpus: 112 113 114 115 116 117 118 119 120 121 122 123 124 125 126 127 128 129
notes_plat_sysinfo_290 =    130 131 132 133 134 135 136 137 138 139 140 141 142 143 144 145 146 147 148 149 150 151
notes_plat_sysinfo_295 =    152 153 154 155 156 157 158 159 160 161 162 163 164 165 166 167 168 169 170 171 172 173
notes_plat_sysinfo_300 =    174 175 176 177 178 179 180 181 182 183 184 185 186 187 188 189 190 191 192 193 194 195
notes_plat_sysinfo_305 =    196 197 198 199 200 201 202 203 204 205 206 207 208 209 210 211 212 213 214 215 216 217
notes_plat_sysinfo_310 =    218 219 220 221 222 223
notes_plat_sysinfo_315 =    node 1 size: 128497 MB
notes_plat_sysinfo_320 =    node 1 free: 113127 MB
notes_plat_sysinfo_325 =    node distances:
notes_plat_sysinfo_330 =    node   0   1
notes_plat_sysinfo_335 =      0:  10  20
notes_plat_sysinfo_340 =      1:  20  10
notes_plat_sysinfo_345 = 
notes_plat_sysinfo_350 =  From /proc/meminfo
notes_plat_sysinfo_355 =     MemTotal:       263508816 kB
notes_plat_sysinfo_360 =     HugePages_Total:       0
notes_plat_sysinfo_365 =     Hugepagesize:       2048 kB
notes_plat_sysinfo_370 = 
notes_plat_sysinfo_375 =  /usr/bin/lsb_release -d
notes_plat_sysinfo_380 =     Ubuntu 18.04.3 LTS
notes_plat_sysinfo_385 = 
notes_plat_sysinfo_390 =  From /etc/*release* /etc/*version*
notes_plat_sysinfo_395 =     debian_version: buster/sid
notes_plat_sysinfo_400 =     os-release:
notes_plat_sysinfo_405 =        NAME="Ubuntu"
notes_plat_sysinfo_410 =        VERSION="18.04.3 LTS (Bionic Beaver)"
notes_plat_sysinfo_415 =        ID=ubuntu
notes_plat_sysinfo_420 =        ID_LIKE=debian
notes_plat_sysinfo_425 =        PRETTY_NAME="Ubuntu 18.04.3 LTS"
notes_plat_sysinfo_430 =        VERSION_ID="18.04"
notes_plat_sysinfo_435 =        HOME_URL="https://www.ubuntu.com/"
notes_plat_sysinfo_440 =        SUPPORT_URL="https://help.ubuntu.com/"
notes_plat_sysinfo_445 = 
notes_plat_sysinfo_450 =  uname -a:
notes_plat_sysinfo_455 =     Linux hp-arm64-09-02 5.0.0-23-generic \#24~18.04.1-Ubuntu SMP Mon Jul 29 16:10:24 UTC
notes_plat_sysinfo_460 =     2019 aarch64 aarch64 aarch64 GNU/Linux
notes_plat_sysinfo_465 = 
notes_plat_sysinfo_470 =  Kernel self-reported vulnerability status:
notes_plat_sysinfo_475 = 
notes_plat_sysinfo_480 =  CVE-2018-3620 (L1 Terminal Fault):        No status reported
notes_plat_sysinfo_485 =  Microarchitectural Data Sampling:         No status reported
notes_plat_sysinfo_490 =  CVE-2017-5754 (Meltdown):                 No status reported
notes_plat_sysinfo_495 =  CVE-2018-3639 (Speculative Store Bypass): No status reported
notes_plat_sysinfo_500 =  CVE-2017-5753 (Spectre variant 1):        No status reported
notes_plat_sysinfo_505 =  CVE-2017-5715 (Spectre variant 2):        No status reported
notes_plat_sysinfo_510 = 
notes_plat_sysinfo_515 =  run-level 5 Oct 8 09:37
notes_plat_sysinfo_520 = 
notes_plat_sysinfo_525 =  SPEC is set to: /home/cuda/abelardoj/CPU2017
notes_plat_sysinfo_530 =     Filesystem     Type  Size  Used Avail Use% Mounted on
notes_plat_sysinfo_535 =     /dev/sdc4      ext4  876G  126G  706G  16% /
notes_plat_sysinfo_540 = 
notes_plat_sysinfo_545 =  From /sys/devices/virtual/dmi/id
notes_plat_sysinfo_550 =      BIOS:    American Megatrends Inc. L50_5.13_1.0.6 07/10/2018
notes_plat_sysinfo_555 =      Vendor:  HPE
notes_plat_sysinfo_560 =      Product: Apollo 70
notes_plat_sysinfo_565 =      Product Family: CN99XX
notes_plat_sysinfo_570 = 
notes_plat_sysinfo_575 =  Cannot run dmidecode; consider saying (as root)
notes_plat_sysinfo_580 =     chmod +s /usr/sbin/dmidecode
notes_plat_sysinfo_585 = 
notes_plat_sysinfo_590 =  (End of data from sysinfo program)
notes_wrap_columns = 0
notes_wrap_indent =   
num              = 505
obiwan           = 
os_exe_ext       = 
output_format    = txt,html,cfg,pdf,csv
output_root      = 
outputdir        = output
parallel_test    = 0
parallel_test_submit = 0
parallel_test_workloads = 
path             = /home/cuda/abelardoj/CPU2017/benchspec/CPU/505.mcf_r
plain_train      = 1
platform         = 
power            = 0
preENV_LD_LIBRARY_PATH = %{gcc_dir}/lib64/:%{gcc_dir}/lib/:/lib64
preenv           = 0
prefix           = 
prepared_by      = cuda  (is never output, only tags rawfile)
ranks            = 1
rawhash_bits     = 256
rebuild          = 0
reftime          = reftime
reltol           = 
reportable       = 0
resultdir        = result
review           = 0
run              = all
runcpu           = /home/cuda/abelardoj/CPU2017/bin/harness/runcpu --configfile default --action build --noreportable --nopower --runmode rate --tune base --size refrate 505.mcf_r --nopreenv --note-preenv --logfile /home/cuda/abelardoj/CPU2017/tmp/CPU2017.001/templogs/preenv.intrate.001.0 --lognum 001.0 --from_runcpu 2
rundir           = run
runmode          = rate
safe_eval        = 1
save_build_files = 
section_specifier_fatal = 1
setprocgroup     = 1
setup_error      = 0
sigint           = 2
size             = refrate
size_class       = ref
skipabstol       = 
skipobiwan       = 
skipreltol       = 
skiptol          = 
smarttune        = base
specdiff         = specdiff
specrun          = specinvoke
srcalt           = 
srcdir           = src
srcsource        = /home/cuda/abelardoj/CPU2017/benchspec/CPU/505.mcf_r/src
stagger          = 10
strict_rundir_verify = 1
sw_avail         = 
sw_base_ptrsize  = 64-bit
sw_compiler001   = C/C++/Fortran: Version 6.2.0 of GCC, the
sw_compiler002   = GNU Compiler Collection
sw_file          = ext4
sw_os001         = Ubuntu 18.04.3 LTS
sw_os002         = 5.0.0-23-generic
sw_other         = 
sw_peak_ptrsize  = Not Applicable
sw_state         = Run level 5 (add definition here)
sysinfo_hash_bits = 256
sysinfo_program  = specperl /home/cuda/abelardoj/CPU2017/bin/sysinfo
sysinfo_program_hash = sysinfo:SHA:1b187da62efa5d65f0e989c214b6a257d16a31d3cf135973c9043da741052207
table            = 1
teeout           = 0
test_date        = Oct-2020
test_sponsor     = My Corporation
tester           = My Corporation
threads          = 1
top              = /home/cuda/abelardoj/CPU2017
train_single_thread = 0
train_with       = train
tune             = base
uid              = 1001
unbuffer         = 1
uncertainty_exception = 5
update           = 0
update_url       = http://www.spec.org/auto/cpu2017/updates/
use_submit_for_compare = 0
use_submit_for_speed = 0
username         = cuda
valid_build      = yes
verbose          = 5
verify_binaries  = 1
version          = 1.000503
voltage_range    = 
worklist         = list
OUTPUT_RMFILES   = inp.out mcf.out
COMP: "/usr/bin/gcc     -std=c99   -mabi=lp64 -c -o options.o -DSPEC -DNDEBUG  -Ispec_qsort -DSPEC_AUTO_SUPPRESS_OPENMP -g -O3            -fno-strict-aliasing -fgnu89-inline   -DSPEC_LP64  <source>"
C: CC="/usr/bin/gcc     -std=c99   -mabi=lp64"
C: COBJOPT="-c -o options"
P: CPUFLAGS="-DSPEC -DNDEBUG"
P: BENCH_FLAGS=""
P: BENCH_CFLAGS="-Ispec_qsort -DSPEC_AUTO_SUPPRESS_OPENMP"
O: OPTIMIZE="-g -O3"
O: COPTIMIZE=""
P: PORTABILITY=""
P: CPORTABILITY=""
O: EXTRA_CFLAGS=""
O: EXTRA_OPTIMIZE=""
O: EXTRA_COPTIMIZE="-fno-strict-aliasing -fgnu89-inline"
P: EXTRA_PORTABILITY="-DSPEC_LP64"
P: EXTRA_CPORTABILITY=""
LINK: "/usr/bin/gcc     -std=c99   -mabi=lp64      -g -O3         -fno-strict-aliasing -fgnu89-inline <objects>   -lm         -o options  "
C: LD="/usr/bin/gcc     -std=c99   -mabi=lp64"
O: OPTIMIZE="-g -O3"
O: EXTRA_COPTIMIZE="-fno-strict-aliasing -fgnu89-inline"
C: MATH_LIBS="-lm"
C: LDOUT="-o options"
 CC_VERSION_OPTION:
Using built-in specs.
COLLECT_GCC=/usr/bin/gcc
COLLECT_LTO_WRAPPER=/usr/lib/gcc/aarch64-linux-gnu/8/lto-wrapper
Target: aarch64-linux-gnu
Configured with: ../src/configure -v --with-pkgversion='Ubuntu/Linaro 8.4.0-1ubuntu1~18.04' --with-bugurl=file:///usr/share/doc/gcc-8/README.Bugs --enable-languages=c,ada,c++,go,d,fortran,objc,obj-c++ --prefix=/usr --with-gcc-major-version-only --program-suffix=-8 --program-prefix=aarch64-linux-gnu- --enable-shared --enable-linker-build-id --libexecdir=/usr/lib --without-included-gettext --enable-threads=posix --libdir=/usr/lib --enable-nls --enable-clocale=gnu --enable-libstdcxx-debug --enable-libstdcxx-time=yes --with-default-libstdcxx-abi=new --enable-gnu-unique-object --disable-libquadmath --disable-libquadmath-support --enable-plugin --enable-default-pie --with-system-zlib --disable-libphobos --enable-multiarch --enable-fix-cortex-a53-843419 --disable-werror --enable-checking=release --build=aarch64-linux-gnu --host=aarch64-linux-gnu --target=aarch64-linux-gnu
Thread model: posix
gcc version 8.4.0 (Ubuntu/Linaro 8.4.0-1ubuntu1~18.04) 

Build successes for intrate: 505.mcf_r(base)
Build errors for intrate: None

Build Complete
runcpu finished at 2020-10-19 12:29:21; 4 total seconds elapsed
Info: file_tail(179920): file '/home/cuda/abelardoj/CPU2017/tmp/CPU2017.001/templogs/preenv.intrate.001.0.debug' was removed and will no longer be followed.  No action is required.
The log for this run is in /home/cuda/abelardoj/CPU2017/result/CPU2017.001.log

runcpu finished at 2020-10-19 12:29:21; 6 total seconds elapsed
